0 info it worked if it ends with ok
1 verbose cli [ '/usr/bin/nodejs', '/usr/bin/npm', 'install', 'express' ]
2 info using npm@1.3.10
3 info using node@v0.10.25
4 warn package.json webapp@1.0.0 No description
5 warn package.json webapp@1.0.0 No repository field.
6 warn package.json webapp@1.0.0 No README data
7 verbose readDependencies using package.json deps
8 verbose cache add [ 'express@^4.18.2', null ]
9 verbose cache add name=undefined spec="express@^4.18.2" args=["express@^4.18.2",null]
10 verbose parsed url { protocol: null,
10 verbose parsed url   slashes: null,
10 verbose parsed url   auth: null,
10 verbose parsed url   host: null,
10 verbose parsed url   port: null,
10 verbose parsed url   hostname: null,
10 verbose parsed url   hash: null,
10 verbose parsed url   search: null,
10 verbose parsed url   query: null,
10 verbose parsed url   pathname: 'express@^4.18.2',
10 verbose parsed url   path: 'express@^4.18.2',
10 verbose parsed url   href: 'express@^4.18.2' }
11 verbose cache add name="express" spec="^4.18.2" args=["express","^4.18.2"]
12 verbose parsed url { protocol: null,
12 verbose parsed url   slashes: null,
12 verbose parsed url   auth: null,
12 verbose parsed url   host: null,
12 verbose parsed url   port: null,
12 verbose parsed url   hostname: null,
12 verbose parsed url   hash: null,
12 verbose parsed url   search: null,
12 verbose parsed url   query: null,
12 verbose parsed url   pathname: '^4.18.2',
12 verbose parsed url   path: '^4.18.2',
12 verbose parsed url   href: '^4.18.2' }
13 verbose addNamed [ 'express', '^4.18.2' ]
14 verbose addNamed [ null, '>=4.18.2-0 <5.0.0-0' ]
15 silly lockFile c00c43a5-express-4-18-2 express@^4.18.2
16 verbose lock express@^4.18.2 /home/vagrant/.npm/c00c43a5-express-4-18-2.lock
17 silly addNameRange { name: 'express', range: '>=4.18.2-0 <5.0.0-0', hasData: false }
18 verbose url raw express
19 verbose url resolving [ 'https://registry.npmjs.org/', './express' ]
20 verbose url resolved https://registry.npmjs.org/express
21 info trying registry request attempt 1 at 06:09:20
22 http GET https://registry.npmjs.org/express
23 http 200 https://registry.npmjs.org/express
24 silly registry.get cb [ 200,
24 silly registry.get   { date: 'Sun, 08 Oct 2023 06:09:20 GMT',
24 silly registry.get     'content-type': 'application/json',
24 silly registry.get     'content-length': '750469',
24 silly registry.get     connection: 'keep-alive',
24 silly registry.get     'cf-ray': '812c36e6acb30758-TPE',
24 silly registry.get     'cf-cache-status': 'HIT',
24 silly registry.get     'accept-ranges': 'bytes',
24 silly registry.get     'access-control-allow-origin': '*',
24 silly registry.get     'cache-control': 'public, max-age=300',
24 silly registry.get     etag: '"8199467f8b4f75c46ba863b9c40e6dbe"',
24 silly registry.get     'last-modified': 'Sat, 07 Oct 2023 10:15:25 GMT',
24 silly registry.get     vary: 'accept-encoding, accept',
24 silly registry.get     server: 'cloudflare' } ]
25 silly addNameRange number 2 { name: 'express', range: '>=4.18.2-0 <5.0.0-0', hasData: true }
26 silly addNameRange versions [ 'express',
26 silly addNameRange   [ '0.14.0',
26 silly addNameRange     '0.14.1',
26 silly addNameRange     '1.0.0',
26 silly addNameRange     '1.0.1',
26 silly addNameRange     '1.0.2',
26 silly addNameRange     '1.0.3',
26 silly addNameRange     '1.0.4',
26 silly addNameRange     '1.0.5',
26 silly addNameRange     '1.0.6',
26 silly addNameRange     '1.0.7',
26 silly addNameRange     '1.0.8',
26 silly addNameRange     '2.0.0',
26 silly addNameRange     '2.1.0',
26 silly addNameRange     '2.1.1',
26 silly addNameRange     '2.2.0',
26 silly addNameRange     '2.2.1',
26 silly addNameRange     '2.2.2',
26 silly addNameRange     '2.3.0',
26 silly addNameRange     '2.3.1',
26 silly addNameRange     '2.3.2',
26 silly addNameRange     '2.3.3',
26 silly addNameRange     '2.3.4',
26 silly addNameRange     '2.3.5',
26 silly addNameRange     '2.3.6',
26 silly addNameRange     '2.3.7',
26 silly addNameRange     '2.3.8',
26 silly addNameRange     '2.3.9',
26 silly addNameRange     '2.3.10',
26 silly addNameRange     '2.3.11',
26 silly addNameRange     '2.3.12',
26 silly addNameRange     '2.4.0',
26 silly addNameRange     '2.4.1',
26 silly addNameRange     '2.4.2',
26 silly addNameRange     '2.4.3',
26 silly addNameRange     '2.4.4',
26 silly addNameRange     '2.4.5',
26 silly addNameRange     '2.4.6',
26 silly addNameRange     '2.4.7',
26 silly addNameRange     '2.5.0',
26 silly addNameRange     '2.5.1',
26 silly addNameRange     '2.5.2',
26 silly addNameRange     '2.5.3',
26 silly addNameRange     '2.5.4',
26 silly addNameRange     '2.5.5',
26 silly addNameRange     '2.5.6',
26 silly addNameRange     '2.5.7',
26 silly addNameRange     '2.5.8',
26 silly addNameRange     '2.5.9',
26 silly addNameRange     '2.5.10',
26 silly addNameRange     '2.5.11',
26 silly addNameRange     '3.0.0',
26 silly addNameRange     '3.0.1',
26 silly addNameRange     '3.0.2',
26 silly addNameRange     '3.0.3',
26 silly addNameRange     '3.0.4',
26 silly addNameRange     '3.0.5',
26 silly addNameRange     '3.0.6',
26 silly addNameRange     '3.1.0',
26 silly addNameRange     '3.1.1',
26 silly addNameRange     '3.1.2',
26 silly addNameRange     '3.2.0',
26 silly addNameRange     '3.2.1',
26 silly addNameRange     '3.2.2',
26 silly addNameRange     '3.2.3',
26 silly addNameRange     '3.2.4',
26 silly addNameRange     '3.2.5',
26 silly addNameRange     '3.2.6',
26 silly addNameRange     '3.3.0',
26 silly addNameRange     '3.3.1',
26 silly addNameRange     '3.3.2',
26 silly addNameRange     '3.3.3',
26 silly addNameRange     '3.3.4',
26 silly addNameRange     '3.3.5',
26 silly addNameRange     '3.3.6',
26 silly addNameRange     '1.0.0-beta',
26 silly addNameRange     '1.0.0-beta2',
26 silly addNameRange     '1.0.0-rc',
26 silly addNameRange     '1.0.0-rc2',
26 silly addNameRange     '1.0.0-rc3',
26 silly addNameRange     '1.0.0-rc4',
26 silly addNameRange     '2.0.0-beta',
26 silly addNameRange     '2.0.0-beta2',
26 silly addNameRange     '2.0.0-beta3',
26 silly addNameRange     '2.0.0-rc',
26 silly addNameRange     '2.0.0-rc2',
26 silly addNameRange     '2.0.0-rc3',
26 silly addNameRange     '3.0.0-alpha1',
26 silly addNameRange     '3.0.0-alpha2',
26 silly addNameRange     '3.0.0-alpha3',
26 silly addNameRange     '3.0.0-alpha4',
26 silly addNameRange     '3.0.0-alpha5',
26 silly addNameRange     '3.0.0-beta1',
26 silly addNameRange     '3.0.0-beta2',
26 silly addNameRange     '3.0.0-beta3',
26 silly addNameRange     '3.0.0-beta4',
26 silly addNameRange     '3.0.0-beta6',
26 silly addNameRange     '3.0.0-beta7',
26 silly addNameRange     '3.0.0-rc1',
26 silly addNameRange     '3.0.0-rc2',
26 silly addNameRange     '3.0.0-rc3',
26 silly addNameRange     '3.0.0-rc4',
26 silly addNameRange     '3.0.0-rc5',
26 silly addNameRange     '3.3.7',
26 silly addNameRange     '3.3.8',
26 silly addNameRange     '3.4.0',
26 silly addNameRange     '3.4.1',
26 silly addNameRange     '3.4.2',
26 silly addNameRange     '3.4.3',
26 silly addNameRange     '3.4.4',
26 silly addNameRange     '3.4.5',
26 silly addNameRange     '3.4.6',
26 silly addNameRange     '3.4.7',
26 silly addNameRange     '3.4.8',
26 silly addNameRange     '4.0.0-rc1',
26 silly addNameRange     '4.0.0-rc2',
26 silly addNameRange     '3.5.0',
26 silly addNameRange     '4.0.0-rc3',
26 silly addNameRange     '4.0.0-rc4',
26 silly addNameRange     '3.5.1',
26 silly addNameRange     '4.0.0',
26 silly addNameRange     '3.5.2',
26 silly addNameRange     '4.1.0',
26 silly addNameRange     '4.1.1',
26 silly addNameRange     '3.5.3',
26 silly addNameRange     '4.1.2',
26 silly addNameRange     '3.6.0',
26 silly addNameRange     '4.2.0',
26 silly addNameRange     '3.7.0',
26 silly addNameRange     '3.8.0',
26 silly addNameRange     '4.3.0',
26 silly addNameRange     '4.3.1',
26 silly addNameRange     '3.8.1',
26 silly addNameRange     '4.3.2',
26 silly addNameRange     '3.9.0',
26 silly addNameRange     '4.4.0',
26 silly addNameRange     '4.4.1',
26 silly addNameRange     '3.10.0',
26 silly addNameRange     '3.10.1',
26 silly addNameRange     '3.10.2',
26 silly addNameRange     '3.10.3',
26 silly addNameRange     '3.10.4',
26 silly addNameRange     '4.4.2',
26 silly addNameRange     '3.10.5',
26 silly addNameRange     '4.4.3',
26 silly addNameRange     '3.11.0',
26 silly addNameRange     '4.4.4',
26 silly addNameRange     '3.12.0',
26 silly addNameRange     '3.12.1',
26 silly addNameRange     '4.4.5',
26 silly addNameRange     '3.13.0',
26 silly addNameRange     '4.5.0',
26 silly addNameRange     '4.5.1',
26 silly addNameRange     '3.14.0',
26 silly addNameRange     '4.6.0',
26 silly addNameRange     '4.6.1',
26 silly addNameRange     '3.15.0',
26 silly addNameRange     '4.7.0',
26 silly addNameRange     '3.15.1',
26 silly addNameRange     '4.7.1',
26 silly addNameRange     '3.15.2',
26 silly addNameRange     '4.7.2',
26 silly addNameRange     '4.7.3',
26 silly addNameRange     '3.15.3',
26 silly addNameRange     '4.7.4',
26 silly addNameRange     '3.16.0',
26 silly addNameRange     '4.8.0',
26 silly addNameRange     '3.16.1',
26 silly addNameRange     '4.8.1',
26 silly addNameRange     '3.16.2',
26 silly addNameRange     '4.8.2',
26 silly addNameRange     '3.16.3',
26 silly addNameRange     '3.16.4',
26 silly addNameRange     '4.8.3',
26 silly addNameRange     '3.16.5',
26 silly addNameRange     '3.16.6',
26 silly addNameRange     '4.8.4',
26 silly addNameRange     '3.16.7',
26 silly addNameRange     '4.8.5',
26 silly addNameRange     '3.16.8',
26 silly addNameRange     '4.8.6',
26 silly addNameRange     '3.16.9',
26 silly addNameRange     '4.8.7',
26 silly addNameRange     '3.16.10',
26 silly addNameRange     '4.8.8',
26 silly addNameRange     '3.17.0',
26 silly addNameRange     '3.17.1',
26 silly addNameRange     '4.9.0',
26 silly addNameRange     '3.17.2',
26 silly addNameRange     '4.9.1',
26 silly addNameRange     '4.9.2',
26 silly addNameRange     '3.17.3',
26 silly addNameRange     '4.9.3',
26 silly addNameRange     '3.17.4',
26 silly addNameRange     '4.9.4',
26 silly addNameRange     '3.17.5',
26 silly addNameRange     '4.9.5',
26 silly addNameRange     '3.17.6',
26 silly addNameRange     '3.17.7',
26 silly addNameRange     '4.9.6',
26 silly addNameRange     '4.9.7',
26 silly addNameRange     '3.17.8',
26 silly addNameRange     '4.9.8',
26 silly addNameRange     '3.18.0',
26 silly addNameRange     '3.18.1',
26 silly addNameRange     '4.10.0',
26 silly addNameRange     '3.18.2',
26 silly addNameRange     '4.10.1',
26 silly addNameRange     '5.0.0-alpha.1',
26 silly addNameRange     '3.18.3',
26 silly addNameRange     '4.10.2',
26 silly addNameRange     '3.18.4',
26 silly addNameRange     '4.10.3',
26 silly addNameRange     '4.10.4',
26 silly addNameRange     '4.10.5',
26 silly addNameRange     '3.18.5',
26 silly addNameRange     '3.18.6',
26 silly addNameRange     '4.10.6',
26 silly addNameRange     '4.10.7',
26 silly addNameRange     '3.19.0',
26 silly addNameRange     '4.10.8',
26 silly addNameRange     '4.11.0',
26 silly addNameRange     '3.19.1',
26 silly addNameRange     '4.11.1',
26 silly addNameRange     '3.19.2',
26 silly addNameRange     '4.11.2',
26 silly addNameRange     '3.20.0',
26 silly addNameRange     '4.12.0',
26 silly addNameRange     '3.20.1',
26 silly addNameRange     '4.12.1',
26 silly addNameRange     '4.12.2',
26 silly addNameRange     '3.20.2',
26 silly addNameRange     '4.12.3',
26 silly addNameRange     '3.20.3',
26 silly addNameRange     '4.12.4',
26 silly addNameRange     '3.21.0',
26 silly addNameRange     '4.13.0',
26 silly addNameRange     '3.21.1',
26 silly addNameRange     '4.13.1',
26 silly addNameRange     '5.0.0-alpha.2',
26 silly addNameRange     '3.21.2',
26 silly addNameRange     '4.13.2',
26 silly addNameRange     '4.13.3',
26 silly addNameRange     '4.13.4',
26 silly addNameRange     '4.14.0',
26 silly addNameRange     '4.14.1',
26 silly addNameRange     '5.0.0-alpha.3',
26 silly addNameRange     '4.15.0',
26 silly addNameRange     '5.0.0-alpha.4',
26 silly addNameRange     '4.15.1',
26 silly addNameRange     '4.15.2',
26 silly addNameRange     '5.0.0-alpha.5',
26 silly addNameRange     '4.15.3',
26 silly addNameRange     '4.15.4',
26 silly addNameRange     '4.15.5',
26 silly addNameRange     '5.0.0-alpha.6',
26 silly addNameRange     '4.16.0',
26 silly addNameRange     '4.16.1',
26 silly addNameRange     '4.16.2',
26 silly addNameRange     '4.16.3',
26 silly addNameRange     '4.16.4',
26 silly addNameRange     '5.0.0-alpha.7',
26 silly addNameRange     '4.17.0',
26 silly addNameRange     '4.17.1',
26 silly addNameRange     '5.0.0-alpha.8',
26 silly addNameRange     '4.17.2',
26 silly addNameRange     '5.0.0-beta.1',
26 silly addNameRange     '4.17.3',
26 silly addNameRange     '4.18.0',
26 silly addNameRange     '4.18.1',
26 silly addNameRange     '4.18.2' ] ]
27 verbose addNamed [ 'express', '4.18.2' ]
28 verbose addNamed [ '4.18.2', '4.18.2' ]
29 silly lockFile 42170ca0-express-4-18-2 express@4.18.2
30 verbose lock express@4.18.2 /home/vagrant/.npm/42170ca0-express-4-18-2.lock
31 silly lockFile 8aa9e423-s-org-express-express-4-18-2-tgz https://registry.npmjs.org/express/-/express-4.18.2.tgz
32 verbose lock https://registry.npmjs.org/express/-/express-4.18.2.tgz /home/vagrant/.npm/8aa9e423-s-org-express-express-4-18-2-tgz.lock
33 verbose addRemoteTarball [ 'https://registry.npmjs.org/express/-/express-4.18.2.tgz',
33 verbose addRemoteTarball   '3fabe08296e930c796c19e3c516979386ba9fd59' ]
34 silly lockFile 8aa9e423-s-org-express-express-4-18-2-tgz https://registry.npmjs.org/express/-/express-4.18.2.tgz
35 silly lockFile 8aa9e423-s-org-express-express-4-18-2-tgz https://registry.npmjs.org/express/-/express-4.18.2.tgz
36 silly lockFile 42170ca0-express-4-18-2 express@4.18.2
37 silly lockFile 42170ca0-express-4-18-2 express@4.18.2
38 silly lockFile c00c43a5-express-4-18-2 express@^4.18.2
39 silly lockFile c00c43a5-express-4-18-2 express@^4.18.2
40 error Error: EACCES, mkdir '/home/vagrant/tmp/npm-7287-w4xMhemG'
40 error  { [Error: EACCES, mkdir '/home/vagrant/tmp/npm-7287-w4xMhemG']
40 error   errno: 3,
40 error   code: 'EACCES',
40 error   path: '/home/vagrant/tmp/npm-7287-w4xMhemG' }
41 error Please try running this command again as root/Administrator.
42 error System Linux 3.13.0-170-generic
43 error command "/usr/bin/nodejs" "/usr/bin/npm" "install" "express"
44 error cwd /vagrant/webapp
45 error node -v v0.10.25
46 error npm -v 1.3.10
47 error path /home/vagrant/tmp/npm-7287-w4xMhemG
48 error code EACCES
49 error errno 3
50 error stack Error: EACCES, mkdir '/home/vagrant/tmp/npm-7287-w4xMhemG'
51 verbose exit [ 3, true ]
